::1 - - [16/Dec/2019:03:02:53 +0000] "GET /persons HTTP/1.1" 200 326 "http://localhost:3000/" "Mozilla/5.0 (Macintosh; Intel Mac OS X 10_14_6) AppleWebKit/537.36 (KHTML, like Gecko) Chrome/79.0.3945.79 Safari/537.36"
::1 - - [16/Dec/2019:03:05:11 +0000] "OPTIONS /persons HTTP/1.1" 200 13 "http://localhost:3000/" "Mozilla/5.0 (Macintosh; Intel Mac OS X 10_14_6) AppleWebKit/537.36 (KHTML, like Gecko) Chrome/79.0.3945.79 Safari/537.36"
::1 - - [16/Dec/2019:03:08:56 +0000] "GET /persons HTTP/1.1" 200 326 "http://localhost:3000/" "Mozilla/5.0 (Macintosh; Intel Mac OS X 10_14_6) AppleWebKit/537.36 (KHTML, like Gecko) Chrome/79.0.3945.79 Safari/537.36"
::1 - - [16/Dec/2019:03:09:11 +0000] "POST /persons HTTP/1.1" 400 27 "http://localhost:3000/" "Mozilla/5.0 (Macintosh; Intel Mac OS X 10_14_6) AppleWebKit/537.36 (KHTML, like Gecko) Chrome/79.0.3945.79 Safari/537.36"
::1 - - [16/Dec/2019:03:12:57 +0000] "POST /persons HTTP/1.1" 400 27 "http://localhost:3000/" "Mozilla/5.0 (Macintosh; Intel Mac OS X 10_14_6) AppleWebKit/537.36 (KHTML, like Gecko) Chrome/79.0.3945.79 Safari/537.36"
::1 - - [16/Dec/2019:03:13:24 +0000] "POST /persons HTTP/1.1" 400 27 "http://localhost:3000/" "Mozilla/5.0 (Macintosh; Intel Mac OS X 10_14_6) AppleWebKit/537.36 (KHTML, like Gecko) Chrome/79.0.3945.79 Safari/537.36"
::1 - - [16/Dec/2019:03:20:55 +0000] "GET /persons HTTP/1.1" 200 326 "http://localhost:3000/" "Mozilla/5.0 (Macintosh; Intel Mac OS X 10_14_6) AppleWebKit/537.36 (KHTML, like Gecko) Chrome/79.0.3945.79 Safari/537.36"
::1 - - [16/Dec/2019:03:21:07 +0000] "OPTIONS /persons HTTP/1.1" 200 13 "http://localhost:3000/" "Mozilla/5.0 (Macintosh; Intel Mac OS X 10_14_6) AppleWebKit/537.36 (KHTML, like Gecko) Chrome/79.0.3945.79 Safari/537.36"
::1 - - [16/Dec/2019:03:22:40 +0000] "GET /persons HTTP/1.1" 200 326 "http://localhost:3000/" "Mozilla/5.0 (Macintosh; Intel Mac OS X 10_14_6) AppleWebKit/537.36 (KHTML, like Gecko) Chrome/79.0.3945.79 Safari/537.36"
::1 - - [16/Dec/2019:03:22:48 +0000] "OPTIONS /persons HTTP/1.1" 200 13 "http://localhost:3000/" "Mozilla/5.0 (Macintosh; Intel Mac OS X 10_14_6) AppleWebKit/537.36 (KHTML, like Gecko) Chrome/79.0.3945.79 Safari/537.36"
::1 - - [16/Dec/2019:03:25:41 +0000] "GET /persons HTTP/1.1" 200 326 "http://localhost:3000/" "Mozilla/5.0 (Macintosh; Intel Mac OS X 10_14_6) AppleWebKit/537.36 (KHTML, like Gecko) Chrome/79.0.3945.79 Safari/537.36"
::1 - - [16/Dec/2019:03:25:53 +0000] "OPTIONS /persons HTTP/1.1" 200 13 "http://localhost:3000/" "Mozilla/5.0 (Macintosh; Intel Mac OS X 10_14_6) AppleWebKit/537.36 (KHTML, like Gecko) Chrome/79.0.3945.79 Safari/537.36"
::1 - - [16/Dec/2019:03:28:01 +0000] "GET /persons HTTP/1.1" 200 326 "http://localhost:3000/" "Mozilla/5.0 (Macintosh; Intel Mac OS X 10_14_6) AppleWebKit/537.36 (KHTML, like Gecko) Chrome/79.0.3945.79 Safari/537.36"
::1 - - [16/Dec/2019:03:28:18 +0000] "GET /persons HTTP/1.1" 200 326 "http://localhost:3000/" "Mozilla/5.0 (Macintosh; Intel Mac OS X 10_14_6) AppleWebKit/537.36 (KHTML, like Gecko) Chrome/79.0.3945.79 Safari/537.36"
::1 - - [16/Dec/2019:03:29:12 +0000] "GET /persons HTTP/1.1" 200 326 "http://localhost:3000/" "Mozilla/5.0 (Macintosh; Intel Mac OS X 10_14_6) AppleWebKit/537.36 (KHTML, like Gecko) Chrome/79.0.3945.79 Safari/537.36"
::1 - - [16/Dec/2019:03:29:33 +0000] "OPTIONS /persons HTTP/1.1" 200 13 "http://localhost:3000/" "Mozilla/5.0 (Macintosh; Intel Mac OS X 10_14_6) AppleWebKit/537.36 (KHTML, like Gecko) Chrome/79.0.3945.79 Safari/537.36"
::1 - - [16/Dec/2019:03:31:00 +0000] "GET /persons HTTP/1.1" 200 326 "http://localhost:3000/" "Mozilla/5.0 (Macintosh; Intel Mac OS X 10_14_6) AppleWebKit/537.36 (KHTML, like Gecko) Chrome/79.0.3945.79 Safari/537.36"
::1 - - [16/Dec/2019:03:31:06 +0000] "GET /persons HTTP/1.1" 200 326 "http://localhost:3000/" "Mozilla/5.0 (Macintosh; Intel Mac OS X 10_14_6) AppleWebKit/537.36 (KHTML, like Gecko) Chrome/79.0.3945.79 Safari/537.36"
::1 - - [16/Dec/2019:03:31:22 +0000] "GET /persons HTTP/1.1" 200 326 "http://localhost:3000/" "Mozilla/5.0 (Macintosh; Intel Mac OS X 10_14_6) AppleWebKit/537.36 (KHTML, like Gecko) Chrome/79.0.3945.79 Safari/537.36"
::1 - - [16/Dec/2019:03:31:43 +0000] "GET /persons HTTP/1.1" 200 326 "http://localhost:3000/" "Mozilla/5.0 (Macintosh; Intel Mac OS X 10_14_6) AppleWebKit/537.36 (KHTML, like Gecko) Chrome/79.0.3945.79 Safari/537.36"
::1 - - [16/Dec/2019:03:31:49 +0000] "GET /persons HTTP/1.1" 200 326 "http://localhost:3000/" "Mozilla/5.0 (Macintosh; Intel Mac OS X 10_14_6) AppleWebKit/537.36 (KHTML, like Gecko) Chrome/79.0.3945.79 Safari/537.36"
::1 - - [16/Dec/2019:03:31:56 +0000] "OPTIONS /persons HTTP/1.1" 200 13 "http://localhost:3000/" "Mozilla/5.0 (Macintosh; Intel Mac OS X 10_14_6) AppleWebKit/537.36 (KHTML, like Gecko) Chrome/79.0.3945.79 Safari/537.36"
::1 - - [16/Dec/2019:03:32:21 +0000] "GET /persons HTTP/1.1" 200 326 "http://localhost:3000/" "Mozilla/5.0 (Macintosh; Intel Mac OS X 10_14_6) AppleWebKit/537.36 (KHTML, like Gecko) Chrome/79.0.3945.79 Safari/537.36"
::1 - - [16/Dec/2019:03:32:29 +0000] "POST /persons HTTP/1.1" 400 27 "http://localhost:3000/" "Mozilla/5.0 (Macintosh; Intel Mac OS X 10_14_6) AppleWebKit/537.36 (KHTML, like Gecko) Chrome/79.0.3945.79 Safari/537.36"
::1 - - [16/Dec/2019:03:33:15 +0000] "POST /persons HTTP/1.1" 400 27 "http://localhost:3000/" "Mozilla/5.0 (Macintosh; Intel Mac OS X 10_14_6) AppleWebKit/537.36 (KHTML, like Gecko) Chrome/79.0.3945.79 Safari/537.36"
::1 - - [16/Dec/2019:03:34:42 +0000] "GET /persons HTTP/1.1" 200 326 "http://localhost:3000/" "Mozilla/5.0 (Macintosh; Intel Mac OS X 10_14_6) AppleWebKit/537.36 (KHTML, like Gecko) Chrome/79.0.3945.79 Safari/537.36"
::1 - - [16/Dec/2019:03:34:53 +0000] "POST /persons HTTP/1.1" 400 27 "http://localhost:3000/" "Mozilla/5.0 (Macintosh; Intel Mac OS X 10_14_6) AppleWebKit/537.36 (KHTML, like Gecko) Chrome/79.0.3945.79 Safari/537.36"
::1 - - [16/Dec/2019:03:35:25 +0000] "GET /persons HTTP/1.1" 200 326 "http://localhost:3000/" "Mozilla/5.0 (Macintosh; Intel Mac OS X 10_14_6) AppleWebKit/537.36 (KHTML, like Gecko) Chrome/79.0.3945.79 Safari/537.36"
::1 - - [16/Dec/2019:03:35:50 +0000] "GET /persons HTTP/1.1" 200 326 "http://localhost:3000/" "Mozilla/5.0 (Macintosh; Intel Mac OS X 10_14_6) AppleWebKit/537.36 (KHTML, like Gecko) Chrome/79.0.3945.79 Safari/537.36"
::1 - - [16/Dec/2019:03:36:02 +0000] "OPTIONS /persons HTTP/1.1" 200 13 "http://localhost:3000/" "Mozilla/5.0 (Macintosh; Intel Mac OS X 10_14_6) AppleWebKit/537.36 (KHTML, like Gecko) Chrome/79.0.3945.79 Safari/537.36"
::1 - - [16/Dec/2019:03:36:04 +0000] "GET /persons HTTP/1.1" 304 - "-" "Mozilla/5.0 (Macintosh; Intel Mac OS X 10_14_6) AppleWebKit/537.36 (KHTML, like Gecko) Chrome/79.0.3945.79 Safari/537.36"
::1 - - [16/Dec/2019:03:36:05 +0000] "GET /favicon.ico HTTP/1.1" 404 150 "http://localhost:3001/persons" "Mozilla/5.0 (Macintosh; Intel Mac OS X 10_14_6) AppleWebKit/537.36 (KHTML, like Gecko) Chrome/79.0.3945.79 Safari/537.36"
::1 - - [16/Dec/2019:03:36:24 +0000] "GET /persons HTTP/1.1" 200 326 "http://localhost:3000/" "Mozilla/5.0 (Macintosh; Intel Mac OS X 10_14_6) AppleWebKit/537.36 (KHTML, like Gecko) Chrome/79.0.3945.79 Safari/537.36"
::1 - - [16/Dec/2019:03:37:14 +0000] "GET /persons HTTP/1.1" 200 326 "http://localhost:3000/" "Mozilla/5.0 (Macintosh; Intel Mac OS X 10_14_6) AppleWebKit/537.36 (KHTML, like Gecko) Chrome/79.0.3945.79 Safari/537.36"
